<?xml version="1.0" encoding="UTF-8"?>
<testsuite xmlns:xsi="http://www.w3.org/2001/XMLSchema-instance" xsi:noNamespaceSchemaLocation="https://maven.apache.org/surefire/maven-surefire-plugin/xsd/surefire-test-report-3.0.xsd" version="3.0" name="TestSuite" time="12.166" tests="5" errors="0" skipped="0" failures="0">
  <properties>
    <property name="sun.desktop" value="gnome"/>
    <property name="awt.toolkit" value="sun.awt.X11.XToolkit"/>
    <property name="java.specification.version" value="10"/>
    <property name="file.encoding.pkg" value="sun.io"/>
    <property name="sun.cpu.isalist" value=""/>
    <property name="sun.jnu.encoding" value="UTF-8"/>
    <property name="java.class.path" value="/home/mike/IdeaProjects/Exercise/target/test-classes:/home/mike/IdeaProjects/Exercise/target/classes:/home/mike/.m2/repository/junit/junit/4.12/junit-4.12.jar:/home/mike/.m2/repository/org/hamcrest/hamcrest-core/1.3/hamcrest-core-1.3.jar:/home/mike/.m2/repository/org/testng/testng/6.8/testng-6.8.jar:/home/mike/.m2/repository/org/beanshell/bsh/2.0b4/bsh-2.0b4.jar:/home/mike/.m2/repository/com/beust/jcommander/1.27/jcommander-1.27.jar:/home/mike/.m2/repository/org/yaml/snakeyaml/1.6/snakeyaml-1.6.jar:/home/mike/.m2/repository/io/rest-assured/rest-assured/3.2.0/rest-assured-3.2.0.jar:/home/mike/.m2/repository/org/codehaus/groovy/groovy/2.4.15/groovy-2.4.15.jar:/home/mike/.m2/repository/org/codehaus/groovy/groovy-xml/2.4.15/groovy-xml-2.4.15.jar:/home/mike/.m2/repository/org/apache/httpcomponents/httpclient/4.5.3/httpclient-4.5.3.jar:/home/mike/.m2/repository/org/apache/httpcomponents/httpcore/4.4.6/httpcore-4.4.6.jar:/home/mike/.m2/repository/commons-logging/commons-logging/1.2/commons-logging-1.2.jar:/home/mike/.m2/repository/commons-codec/commons-codec/1.9/commons-codec-1.9.jar:/home/mike/.m2/repository/org/apache/httpcomponents/httpmime/4.5.1/httpmime-4.5.1.jar:/home/mike/.m2/repository/org/hamcrest/hamcrest-library/1.3/hamcrest-library-1.3.jar:/home/mike/.m2/repository/org/ccil/cowan/tagsoup/tagsoup/1.2.1/tagsoup-1.2.1.jar:/home/mike/.m2/repository/io/rest-assured/json-path/3.2.0/json-path-3.2.0.jar:/home/mike/.m2/repository/org/codehaus/groovy/groovy-json/2.4.15/groovy-json-2.4.15.jar:/home/mike/.m2/repository/io/rest-assured/rest-assured-common/3.2.0/rest-assured-common-3.2.0.jar:/home/mike/.m2/repository/io/rest-assured/xml-path/3.2.0/xml-path-3.2.0.jar:/home/mike/.m2/repository/org/apache/commons/commons-lang3/3.4/commons-lang3-3.4.jar:/home/mike/.m2/repository/javax/xml/bind/jaxb-api/2.2.12/jaxb-api-2.2.12.jar:/home/mike/.m2/repository/com/sun/xml/bind/jaxb-osgi/2.2.10/jaxb-osgi-2.2.10.jar:/home/mike/.m2/repository/org/apache/sling/org.apache.sling.javax.activation/0.1.0/org.apache.sling.javax.activation-0.1.0.jar:/home/mike/.m2/repository/javax/activation/activation/1.1.1/activation-1.1.1.jar:/home/mike/.m2/repository/io/rest-assured/json-schema-validator/3.2.0/json-schema-validator-3.2.0.jar:/home/mike/.m2/repository/com/github/fge/json-schema-validator/2.2.6/json-schema-validator-2.2.6.jar:/home/mike/.m2/repository/com/google/code/findbugs/jsr305/3.0.0/jsr305-3.0.0.jar:/home/mike/.m2/repository/joda-time/joda-time/2.3/joda-time-2.3.jar:/home/mike/.m2/repository/com/googlecode/libphonenumber/libphonenumber/6.2/libphonenumber-6.2.jar:/home/mike/.m2/repository/com/github/fge/json-schema-core/1.2.5/json-schema-core-1.2.5.jar:/home/mike/.m2/repository/com/github/fge/uri-template/0.9/uri-template-0.9.jar:/home/mike/.m2/repository/com/github/fge/msg-simple/1.1/msg-simple-1.1.jar:/home/mike/.m2/repository/com/github/fge/btf/1.2/btf-1.2.jar:/home/mike/.m2/repository/com/google/guava/guava/16.0.1/guava-16.0.1.jar:/home/mike/.m2/repository/com/github/fge/jackson-coreutils/1.8/jackson-coreutils-1.8.jar:/home/mike/.m2/repository/com/fasterxml/jackson/core/jackson-databind/2.2.3/jackson-databind-2.2.3.jar:/home/mike/.m2/repository/com/fasterxml/jackson/core/jackson-annotations/2.2.3/jackson-annotations-2.2.3.jar:/home/mike/.m2/repository/com/fasterxml/jackson/core/jackson-core/2.2.3/jackson-core-2.2.3.jar:/home/mike/.m2/repository/org/mozilla/rhino/1.7R4/rhino-1.7R4.jar:/home/mike/.m2/repository/javax/mail/mailapi/1.4.3/mailapi-1.4.3.jar:/home/mike/.m2/repository/net/sf/jopt-simple/jopt-simple/4.6/jopt-simple-4.6.jar:/home/mike/.m2/repository/org/codehaus/groovy/groovy-all/2.4.5/groovy-all-2.4.5.jar:/home/mike/.m2/repository/com/github/scribejava/scribejava-apis/2.5.3/scribejava-apis-2.5.3.jar:/home/mike/.m2/repository/com/github/scribejava/scribejava-core/2.5.3/scribejava-core-2.5.3.jar:/home/mike/.m2/repository/com/aventstack/extentreports/3.1.5/extentreports-3.1.5.jar:/home/mike/.m2/repository/org/freemarker/freemarker/2.3.23/freemarker-2.3.23.jar:/home/mike/.m2/repository/org/mongodb/mongodb-driver/3.3.0/mongodb-driver-3.3.0.jar:/home/mike/.m2/repository/org/mongodb/bson/3.3.0/bson-3.3.0.jar:/home/mike/.m2/repository/org/mongodb/mongodb-driver-core/3.3.0/mongodb-driver-core-3.3.0.jar:/home/mike/.m2/repository/org/jsoup/jsoup/1.9.2/jsoup-1.9.2.jar:/home/mike/.m2/repository/com/google/code/gson/gson/2.8.0/gson-2.8.0.jar:/home/mike/.m2/repository/com/relevantcodes/extentreports/2.41.2/extentreports-2.41.2.jar:/home/mike/.m2/repository/org/xerial/sqlite-jdbc/3.8.11.1/sqlite-jdbc-3.8.11.1.jar:"/>
    <property name="java.vm.vendor" value="Oracle Corporation"/>
    <property name="sun.arch.data.model" value="64"/>
    <property name="java.vendor.url" value="http://java.oracle.com/"/>
    <property name="user.timezone" value=""/>
    <property name="java.vm.specification.version" value="10"/>
    <property name="os.name" value="Linux"/>
    <property name="sun.java.launcher" value="SUN_STANDARD"/>
    <property name="user.country" value="GB"/>
    <property name="sun.boot.library.path" value="/usr/lib/jvm/java-11-openjdk-amd64/lib"/>
    <property name="sun.java.command" value="/home/mike/IdeaProjects/Exercise/target/surefire/surefirebooter481265427345071714.jar /home/mike/IdeaProjects/Exercise/target/surefire 2019-01-16T14-54-17_121-jvmRun1 surefire17500302764846439657tmp surefire_06690381954675549764tmp"/>
    <property name="jdk.debug" value="release"/>
    <property name="surefire.test.class.path" value="/home/mike/IdeaProjects/Exercise/target/test-classes:/home/mike/IdeaProjects/Exercise/target/classes:/home/mike/.m2/repository/junit/junit/4.12/junit-4.12.jar:/home/mike/.m2/repository/org/hamcrest/hamcrest-core/1.3/hamcrest-core-1.3.jar:/home/mike/.m2/repository/org/testng/testng/6.8/testng-6.8.jar:/home/mike/.m2/repository/org/beanshell/bsh/2.0b4/bsh-2.0b4.jar:/home/mike/.m2/repository/com/beust/jcommander/1.27/jcommander-1.27.jar:/home/mike/.m2/repository/org/yaml/snakeyaml/1.6/snakeyaml-1.6.jar:/home/mike/.m2/repository/io/rest-assured/rest-assured/3.2.0/rest-assured-3.2.0.jar:/home/mike/.m2/repository/org/codehaus/groovy/groovy/2.4.15/groovy-2.4.15.jar:/home/mike/.m2/repository/org/codehaus/groovy/groovy-xml/2.4.15/groovy-xml-2.4.15.jar:/home/mike/.m2/repository/org/apache/httpcomponents/httpclient/4.5.3/httpclient-4.5.3.jar:/home/mike/.m2/repository/org/apache/httpcomponents/httpcore/4.4.6/httpcore-4.4.6.jar:/home/mike/.m2/repository/commons-logging/commons-logging/1.2/commons-logging-1.2.jar:/home/mike/.m2/repository/commons-codec/commons-codec/1.9/commons-codec-1.9.jar:/home/mike/.m2/repository/org/apache/httpcomponents/httpmime/4.5.1/httpmime-4.5.1.jar:/home/mike/.m2/repository/org/hamcrest/hamcrest-library/1.3/hamcrest-library-1.3.jar:/home/mike/.m2/repository/org/ccil/cowan/tagsoup/tagsoup/1.2.1/tagsoup-1.2.1.jar:/home/mike/.m2/repository/io/rest-assured/json-path/3.2.0/json-path-3.2.0.jar:/home/mike/.m2/repository/org/codehaus/groovy/groovy-json/2.4.15/groovy-json-2.4.15.jar:/home/mike/.m2/repository/io/rest-assured/rest-assured-common/3.2.0/rest-assured-common-3.2.0.jar:/home/mike/.m2/repository/io/rest-assured/xml-path/3.2.0/xml-path-3.2.0.jar:/home/mike/.m2/repository/org/apache/commons/commons-lang3/3.4/commons-lang3-3.4.jar:/home/mike/.m2/repository/javax/xml/bind/jaxb-api/2.2.12/jaxb-api-2.2.12.jar:/home/mike/.m2/repository/com/sun/xml/bind/jaxb-osgi/2.2.10/jaxb-osgi-2.2.10.jar:/home/mike/.m2/repository/org/apache/sling/org.apache.sling.javax.activation/0.1.0/org.apache.sling.javax.activation-0.1.0.jar:/home/mike/.m2/repository/javax/activation/activation/1.1.1/activation-1.1.1.jar:/home/mike/.m2/repository/io/rest-assured/json-schema-validator/3.2.0/json-schema-validator-3.2.0.jar:/home/mike/.m2/repository/com/github/fge/json-schema-validator/2.2.6/json-schema-validator-2.2.6.jar:/home/mike/.m2/repository/com/google/code/findbugs/jsr305/3.0.0/jsr305-3.0.0.jar:/home/mike/.m2/repository/joda-time/joda-time/2.3/joda-time-2.3.jar:/home/mike/.m2/repository/com/googlecode/libphonenumber/libphonenumber/6.2/libphonenumber-6.2.jar:/home/mike/.m2/repository/com/github/fge/json-schema-core/1.2.5/json-schema-core-1.2.5.jar:/home/mike/.m2/repository/com/github/fge/uri-template/0.9/uri-template-0.9.jar:/home/mike/.m2/repository/com/github/fge/msg-simple/1.1/msg-simple-1.1.jar:/home/mike/.m2/repository/com/github/fge/btf/1.2/btf-1.2.jar:/home/mike/.m2/repository/com/google/guava/guava/16.0.1/guava-16.0.1.jar:/home/mike/.m2/repository/com/github/fge/jackson-coreutils/1.8/jackson-coreutils-1.8.jar:/home/mike/.m2/repository/com/fasterxml/jackson/core/jackson-databind/2.2.3/jackson-databind-2.2.3.jar:/home/mike/.m2/repository/com/fasterxml/jackson/core/jackson-annotations/2.2.3/jackson-annotations-2.2.3.jar:/home/mike/.m2/repository/com/fasterxml/jackson/core/jackson-core/2.2.3/jackson-core-2.2.3.jar:/home/mike/.m2/repository/org/mozilla/rhino/1.7R4/rhino-1.7R4.jar:/home/mike/.m2/repository/javax/mail/mailapi/1.4.3/mailapi-1.4.3.jar:/home/mike/.m2/repository/net/sf/jopt-simple/jopt-simple/4.6/jopt-simple-4.6.jar:/home/mike/.m2/repository/org/codehaus/groovy/groovy-all/2.4.5/groovy-all-2.4.5.jar:/home/mike/.m2/repository/com/github/scribejava/scribejava-apis/2.5.3/scribejava-apis-2.5.3.jar:/home/mike/.m2/repository/com/github/scribejava/scribejava-core/2.5.3/scribejava-core-2.5.3.jar:/home/mike/.m2/repository/com/aventstack/extentreports/3.1.5/extentreports-3.1.5.jar:/home/mike/.m2/repository/org/freemarker/freemarker/2.3.23/freemarker-2.3.23.jar:/home/mike/.m2/repository/org/mongodb/mongodb-driver/3.3.0/mongodb-driver-3.3.0.jar:/home/mike/.m2/repository/org/mongodb/bson/3.3.0/bson-3.3.0.jar:/home/mike/.m2/repository/org/mongodb/mongodb-driver-core/3.3.0/mongodb-driver-core-3.3.0.jar:/home/mike/.m2/repository/org/jsoup/jsoup/1.9.2/jsoup-1.9.2.jar:/home/mike/.m2/repository/com/google/code/gson/gson/2.8.0/gson-2.8.0.jar:/home/mike/.m2/repository/com/relevantcodes/extentreports/2.41.2/extentreports-2.41.2.jar:/home/mike/.m2/repository/org/xerial/sqlite-jdbc/3.8.11.1/sqlite-jdbc-3.8.11.1.jar:"/>
    <property name="sun.cpu.endian" value="little"/>
    <property name="user.home" value="/home/mike"/>
    <property name="user.language" value="en"/>
    <property name="java.specification.vendor" value="Oracle Corporation"/>
    <property name="java.version.date" value="2018-07-17"/>
    <property name="java.home" value="/usr/lib/jvm/java-11-openjdk-amd64"/>
    <property name="file.separator" value="/"/>
    <property name="basedir" value="/home/mike/IdeaProjects/Exercise"/>
    <property name="java.vm.compressedOopsMode" value="Zero based"/>
    <property name="line.separator" value="&#10;"/>
    <property name="java.specification.name" value="Java Platform API Specification"/>
    <property name="java.vm.specification.vendor" value="Oracle Corporation"/>
    <property name="java.awt.graphicsenv" value="sun.awt.X11GraphicsEnvironment"/>
    <property name="surefire.real.class.path" value="/home/mike/IdeaProjects/Exercise/target/surefire/surefirebooter481265427345071714.jar"/>
    <property name="sun.management.compiler" value="HotSpot 64-Bit Tiered Compilers"/>
    <property name="java.runtime.version" value="10.0.2+13-Ubuntu-1ubuntu0.18.04.4"/>
    <property name="user.name" value="mike"/>
    <property name="path.separator" value=":"/>
    <property name="os.version" value="4.15.0-43-generic"/>
    <property name="java.runtime.name" value="OpenJDK Runtime Environment"/>
    <property name="file.encoding" value="UTF-8"/>
    <property name="java.vm.name" value="OpenJDK 64-Bit Server VM"/>
    <property name="localRepository" value="/home/mike/.m2/repository"/>
    <property name="java.vendor.url.bug" value="http://bugreport.java.com/bugreport/"/>
    <property name="java.io.tmpdir" value="/tmp"/>
    <property name="java.version" value="10.0.2"/>
    <property name="user.dir" value="/home/mike/IdeaProjects/Exercise"/>
    <property name="os.arch" value="amd64"/>
    <property name="java.vm.specification.name" value="Java Virtual Machine Specification"/>
    <property name="java.awt.printerjob" value="sun.print.PSPrinterJob"/>
    <property name="sun.os.patch.level" value="unknown"/>
    <property name="java.library.path" value="/usr/java/packages/lib:/usr/lib/x86_64-linux-gnu/jni:/lib/x86_64-linux-gnu:/usr/lib/x86_64-linux-gnu:/usr/lib/jni:/lib:/usr/lib"/>
    <property name="java.vendor" value="Oracle Corporation"/>
    <property name="java.vm.info" value="mixed mode"/>
    <property name="java.vm.version" value="10.0.2+13-Ubuntu-1ubuntu0.18.04.4"/>
    <property name="sun.io.unicode.encoding" value="UnicodeLittle"/>
    <property name="java.class.version" value="54.0"/>
  </properties>
  <testcase name="apiRestRateLimitValidation" classname="ApiExercise.gitRepositoriesSearch" time="3.17"/>
  <testcase name="defaultSearchResultsForTetrisSearch" classname="ApiExercise.gitRepositoriesSearch" time="1.725"/>
  <testcase name="paginationSearchResultsForTetrisWithA100Results" classname="ApiExercise.gitRepositoriesSearch" time="3.469"/>
  <testcase name="SearchResultsForASpecificUser" classname="ApiExercise.gitRepositoriesSearch" time="1.601"/>
  <testcase name="SearchResultsForASpecificUserWithASpecificLanguage" classname="ApiExercise.gitRepositoriesSearch" time="1.796"/>
</testsuite>