<?xml version="1.0" encoding="UTF-8"?>
<!-- Generated by org.testng.reporters.JUnitReportReporter -->
<testsuite hostname="mike-laptop" failures="0" tests="5" name="ApiExercise.gitRepositoriesSearch" time="11.764" errors="0" timestamp="16 Jan 2019 17:54:29 GMT">
  <testcase classname="ApiExercise.gitRepositoriesSearch" name="paginationSearchResultsForTetrisWithA100Results" time="3.470"/>
  <testcase classname="ApiExercise.gitRepositoriesSearch" name="apiRestRateLimitValidation" time="3.170"/>
  <testcase classname="ApiExercise.gitRepositoriesSearch" name="SearchResultsForASpecificUser" time="1.602"/>
  <testcase classname="ApiExercise.gitRepositoriesSearch" name="defaultSearchResultsForTetrisSearch" time="1.726"/>
  <testcase classname="ApiExercise.gitRepositoriesSearch" name="SearchResultsForASpecificUserWithASpecificLanguage" time="1.796"/>
</testsuite> <!-- ApiExercise.gitRepositoriesSearch -->
